 ==== Elements Missing the TypeGroup Tag (7) ==== 

BehaviorDescriptorReferenceType
LanguageUseDescriptorReferenceType
LanguageUseType
InternationalProvinceOfBirth
IssuerName
LearningStandardId
Duration


 ==== Domain Entities (57) ==== 

AcademicWeek
Account
Actual
Assessment
AssessmentFamily
AssessmentItem
AttendanceEvent
BellScheduleMeetingTime
Budget
CalendarDate
ClassPeriod
Cohort
ContractedStaff
Course
CourseOffering
CourseTranscript
DisciplineAction
DisciplineIncident
EducationContent
EducationOrganization
EducationOrganizationNetwork
EducationServiceCenter
Grade
GradebookEntry
GradingPeriod
GraduationPlan
Intervention
InterventionPrescription
InterventionStudy
LearningObjective
LearningStandard
LeaveEvent
LocalEducationAgency
Location
ObjectiveAssessment
OpenStaffPosition
Parent
Payroll
Person
PostSecondaryEvent
Program
ReportCard
RestraintEvent
School
Section
Session
Staff
StateEducationAgency
Student
StudentAcademicRecord
StudentAssessment
StudentAssessmentItem
StudentCompetency
StudentCompetencyObjective
StudentGradebookEntry
StudentObjectiveAssessment
Teacher


 ==== All Descriptors (41) ==== 

AcademicSubjectDescriptor
AccommodationDescriptor
AccountCodeDescriptor
AchievementCategoryDescriptor
AdministrativeFundingControlDescriptor
AssessmentPeriodDescriptor
AttendanceEventCategoryDescriptor
BehaviorDescriptor
CalendarEventDescriptor
ClassroomPositionDescriptor
CompetencyLevelDescriptor
ContinuationOfServicesReasonDescriptor
CredentialFieldDescriptor
DiagnosisDescriptor
DisabilityDescriptor
DisciplineDescriptor
EmploymentStatusDescriptor
EntryTypeDescriptor
ExitWithdrawTypeDescriptor
GradeLevelDescriptor
GradingPeriodDescriptor
GraduationPlanTypeDescriptor
LanguageDescriptor
LimitedEnglishProficiencyDescriptor
LevelDescriptor
LevelOfEducationDescriptor
PerformanceLevelDescriptor
ProgramAssignmentDescriptor
ProgramCharacteristicDescriptor
ReasonExitedDescriptor
ReporterDescriptionDescriptor
ResidencyStatusDescriptor
ResponsibilityDescriptor
SchoolFoodServiceEligibilityDescriptor
SectionCharacteristicsDescriptor
SeparationReasonDescriptor
ServiceDescriptor
SpecialEducationSettingDescriptor
StaffClassificationDescriptor
TeachingCredentialTypeDescriptor
WeaponDescriptor


 ==== Descriptors With Required Map (8) ==== 

AcademicSubjectDescriptor
AttendanceEventCategoryDescriptor
CalendarEventDescriptor
ContinuationOfServicesReasonDescriptor
EmploymentStatusDescriptor
GradeLevelDescriptor
GradingPeriodDescriptor
LimitedEnglishProficiencyDescriptor


 ==== Descriptors With Optional Map (33) ==== 

AccommodationDescriptor
AccountCodeDescriptor
AchievementCategoryDescriptor
AdministrativeFundingControlDescriptor
AssessmentPeriodDescriptor
BehaviorDescriptor
ClassroomPositionDescriptor
CompetencyLevelDescriptor
CredentialFieldDescriptor
DiagnosisDescriptor
DisabilityDescriptor
DisciplineDescriptor
EntryTypeDescriptor
ExitWithdrawTypeDescriptor
GraduationPlanTypeDescriptor
LanguageDescriptor
LevelDescriptor
LevelOfEducationDescriptor
PerformanceLevelDescriptor
ProgramAssignmentDescriptor
ProgramCharacteristicDescriptor
ReasonExitedDescriptor
ReporterDescriptionDescriptor
ResidencyStatusDescriptor
ResponsibilityDescriptor
SchoolFoodServiceEligibilityDescriptor
SectionCharacteristicsDescriptor
SeparationReasonDescriptor
ServiceDescriptor
SpecialEducationSettingDescriptor
StaffClassificationDescriptor
TeachingCredentialTypeDescriptor
WeaponDescriptor


 ==== Associations (21) ==== 

EducationOrganizationNetworkAssociation
EducationOrganizationInterventionPrescriptionAssociation
FeederSchoolAssociation
StaffCohortAssociation
StaffEducationOrgAssignmentAssociation
StaffEducationOrgEmploymentAssociation
StaffProgramAssociation
StudentCohortAssociation
StudentCTEProgramAssociation
StudentDisciplineIncidentAssociation
StudentInterventionAssociation
StudentMigrantEducationProgramAssociation
StudentEducationOrganizationAssociation
StudentParentAssociation
StudentProgramAssociation
StudentSchoolAssociation
StudentSectionAssociation
StudentSpecialEdProgramAssociation
StudentTitleIPartAProgramAssociation
TeacherSchoolAssociation
TeacherSectionAssociation


 ==== Base Types (4) ==== 

ComplexObjectType
ReferenceType
DescriptorType
DescriptorReferenceType


 ==== Extended Reference Types (37) ==== 

AcademicWeekReferenceType
AccountReferenceType
AssessmentReferenceType
AssessmentFamilyReferenceType
AssessmentItemReferenceType
BellScheduleMeetingTimeReferenceType
CalendarDateReferenceType
ClassPeriodReferenceType
CohortReferenceType
CourseReferenceType
CourseOfferingReferenceType
DisciplineIncidentReferenceType
EducationContentReferenceType
EducationOrganizationReferenceType
GradeReferenceType
GradebookEntryReferenceType
GradingPeriodReferenceType
GraduationPlanReferenceType
InterventionReferenceType
InterventionPrescriptionReferenceType
LearningObjectiveReferenceType
LearningStandardReferenceType
LocationReferenceType
ObjectiveAssessmentReferenceType
ParentReferenceType
ProgramReferenceType
ReportCardReferenceType
SectionReferenceType
SessionReferenceType
StaffReferenceType
StudentReferenceType
StudentAcademicRecordReferenceType
StudentAssessmentReferenceType
StudentCompetencyReferenceType
StudentCompetencyObjectiveReferenceType
StaffEducationOrgEmploymentAssociationReferenceType
StudentSectionAssociationReferenceType


 ==== Identity Types (37) ==== 

AcademicWeekIdentityType
AccountIdentityType
AssessmentIdentityType
AssessmentFamilyIdentityType
AssessmentItemIdentityType
BellScheduleMeetingTimeIdentityType
CalendarDateIdentityType
ClassPeriodIdentityType
CohortIdentityType
CourseIdentityType
CourseOfferingIdentityType
DisciplineIncidentIdentityType
EducationContentIdentityType
EducationOrganizationIdentityType
GradeIdentityType
GradebookEntryIdentityType
GradingPeriodIdentityType
GraduationPlanIdentityType
InterventionIdentityType
InterventionPrescriptionIdentityType
LearningObjectiveIdentityType
LearningStandardIdentityType
LocationIdentityType
ObjectiveAssessmentIdentityType
ParentIdentityType
ProgramIdentityType
ReportCardIdentityType
SectionIdentityType
SessionIdentityType
StaffIdentityType
StudentIdentityType
StudentAcademicRecordIdentityType
StudentAssessmentIdentityType
StudentCompetencyIdentityType
StudentCompetencyObjectiveIdentityType
StaffEducationOrgEmploymentAssociationIdentityType
StudentSectionAssociationIdentityType


 ==== Extended Descriptor Reference Types (3) ==== 

AccountCodeDescriptorReferenceType
PerformanceLevelDescriptorReferenceType
ServiceDescriptorReferenceType


 ==== Common (51) ==== 

AcademicHonor
AccountabilityRating
Achievement
AdditionalCredits
Address
AssessmentIdentificationCode
AssessmentPerformanceLevel
AssessmentScore
BirthData
ClassRanking
CohortYear
ContentStandardType
CourseCode
Credential
Credits
CreditsByCourse
CreditsBySubject
CTEProgram
Diploma
Disability
EducationOrgIdentificationCode
ElectronicMail
EmploymentPeriod
IdentificationDocument
InstitutionTelephone
InterventionEffectiveness
InterventionMeetingTime
LocalEducationAgencyAccountability
LocalEducationAgencyFederalFunds
LearningStandardIdentificationCode
LearningStyles
Name
OtherName
PersonIdentification
PostSecondaryInstitution
ProgramParticipation
Recognition
ScoreResult
SecondaryBehavior
ServiceProvider
StaffIdentificationCode
StateEducationAgencyAccountability
StateEducationAgencyFederalFunds
StudentCharacteristic
StudentIdentificationCode
StudentIndicator
Telephone
Currency
percent
text
timeinterval


 ==== Enumerated Collections (7) ====

CourseLevelCharacteristicsType
EducationOrganizationCategoriesType
EducationalPlansType
MeetingDaysType
RaceType
RestraintEventReasonsType
SchoolCategoriesType


 ==== Enumerations (129) ====

AcademicHonorsType
AcademicSubjectMapType
AccommodationMapType
AdditionalCreditType
AddressType
AdministrationEnvironmentType
AdministrativeFundingControlMapType
AssessmentCategoryType
AssessmentIdentificationSystemType
AssessmentItemResultType
AssessmentReportingMethodType
AttendanceEventCategoryMapType
BehaviorMapType
CalendarEventMapType
CareerPathwayType
CategoryType
CharterStatusType
CitizenshipStatusType
ClassroomPositionMapType
CohortScopeType
CohortType
CohortYearType
ContentClassType
CostRateType
ContinuationOfServicesMapType
CountryCodeType
CountryType
CourseAttemptResultType
CourseCodeSystemType
CourseDefinedByType
CourseGPAApplicabilityType
CourseLevelCharacteristicItemType
CourseRepeatCodeType
CredentialType
CreditType
CurriculumUsedType
DeliveryMethodType
DiagnosisMapType
DiplomaLevelType
DiplomaType
DisabilityCategoryType
DisabilityMapType
DisciplineMapType
DisciplineActionLengthDifferenceReasonType
EducationalEnvironmentType
EducationOrganizationCategoryType
EducationOrgIdentificationSystemType
EducationalPlanItemType
ElectronicMailAddressType
EmploymentStatusMapType
EntryTypeMapType
EntryGradeLevelReasonType
EventCircumstanceType
ExitWithdrawMapType
GradeLevelMapType
GradebookEntryType
GradeType
GradingPeriodMapType
GraduationPlanTypeMapType
GunFreeSchoolsActReportingStatusType
IncidentLocationType
IntegratedTechnologyStatusType
InteractivityStyleType
InternetAccessType
InstitutionTelephoneNumberType
InterventionClassType
InterventionEffectivenessRatingType
ItemCategoryType
LanguageMapType
LEACategoryType
LeaveEventCategoryType
LevelOfEducationMapType
LimitedEnglishProficiencyMapType
MagnetSpecialProgramEmphasisSchoolType
MediumOfInstructionType
MeetingDayItemType
MethodCreditEarnedType
NetworkPurposeType
OldEthnicityType
OperationalStatusType
OtherNameType
PerformanceBaseConversionType
PersonalInformationVerificationType
PopulationServedType
PostingResultType
PostSecondaryEventCategoryType
PostSecondaryInstitutionLevelType
ProgramAssignmentMapType
ProgramCharacteristicMapType
ProgramSponsorType
ProgramType
PublicationStatusType
RaceItemType
RecognitionType
RelationType
ReasonExitedMapType
ReasonNotTestedType
RepeatIdentifierType
ReporterDescriptionMapType
ResidencyStatusMapType
ResponseIndicatorType
ResponsibilityMapType
RestraintEventReasonItemType
ResultDatatypeType
RetestIndicatorType
SchoolCategoryItemType
SchoolChoiceImplementStatusType
SchoolType
SchoolYearType
SchoolFoodServicesEligibilityMapType
SectionCharacteristicsMapType
SeparationReasonMapType
SeparationType
SexType
SpecialEducationSettingMapType
StaffClassificationMapType
StaffIdentificationSystemType
StateAbbreviationType
StudentCharacteristicType
StudentIdentificationSystemType
StudentParticipationCodeType
TeachingCredentialBasisType
TeachingCredentialTypeMapType
TelephoneNumberType
TermType
TitleIPartAParticipantType
TitleIPartASchoolDesignationType
VisaType
WeaponMapType


 ==== Simple Types (94) ==== 

AccountCodeType
AccountNumber
AchievementTitle
AchievementCategorySystem
AddressLine
AlternateDayName
ApartmentRoomSuiteNumber
AssessmentForm
AssessmentResponse
AssessmentTitle
AttendanceEventReason
BellScheduleName
BuildingSiteNumber
CaseNumber
City
ClassPeriodNameType
ClassroomIdentificationCode
CIPCode
CodeValue
CohortDescription
CohortIdentifier
ContactRestrictions
ContentStandardName
Coordinate
CorrectResponse
CountyFIPSCode
CourseTitle
Criteria
Department
Description
DesignatedBy
DiplomaDescription
DisabilityDiagnosis
DisciplineActionIdentifier
DisplacementStatusType
DocumentTitle
ElectronicMailAddress
FirstName
GenerationCodeSuffixType
GradebookEntryTitle
GradeEarned
GradeValueQualifier
HonorDescription
IdentificationCode
IncidentIdentifier
Indicator
IndicatorName
LastSurname
LeaveEventReason
LocalCourseCode
MiddleName
NameOfCounty
NameOfInstitution
NameType
Nomenclature
Objective
PersonalTitlePrefixType
PositionTitle
PostSecondaryInstitutionId
PostalCode
ProfileThumbnail
ProgramId
Rating
RatingOrganization
RatingProgramType
RatingTitleType
RecognitionDescription
ReporterName
RequisitionNumber
RestraintEventIdentifier
Result
SecondaryBehaviorsType
ServiceCategory
ShortDescription
StaffId
Statement
StreetNumberName
TelephoneNumber
UniqueSectionCode
UniqueStateIdentifier
URI
WeekIdentifier
Credit
GPA
NumberOfDaysAbsent
NumberOfDaysInAttendance
NumberOfDaysTardy
NumberOfParts
SchoolHoursPerWeek
SequenceOfCourse
TotalInstructionalDays
Version
WeeksInCycle
WeekNumber


